000005b4 A _sdata
00001564 A _stext
020003c0 t MARS_HEADER
020003f0 t M68K_CODE
0200103e t main_reset
02001076 t slav_reset
02001090 t main_st
02001094 t main_ok
02001098 t main_go
0200109c t rom_header
020010a0 t rom_start
020010a4 t sdram_start
020010a8 t slav_st
020010ac t slav_ok
020010b0 t slav_go
020010b4 T _m_main
020010b4 T _start
02001528 T _s_main
0200152c T __CTOR_LIST__
0200152c T ___CTOR_LIST__
02001534 T __CTOR_END__
02001534 T __DTOR_LIST__
02001534 T ___DTOR_LIST__
0200153c T __DTOR_END__
02001548 t _pixelWords
02001550 T __INIT_SECTION__
02001560 T __FINI_SECTION__
02001564 T _etext
06000240 d mstart
06000244 d sstart
06000248 d mcont
060002b0 d _master_int_clr
060002b4 d _master_stk
060002b8 d _master_sts
060002bc d _master_ok
060002c0 d _master_adapter
060002c4 d _master_cctl
060002c8 d _master_go
060002cc d _master_bss_start
060002d0 d _master_bss_end
060002d4 d _master_do_init
060002d8 d _master_do_fini
060002dc d scont
06000318 d _slave_int_clr
0600031c d _slave_stk
06000320 d _slave_sts
06000324 d _slave_ok
06000328 d _slave_adapter
0600032c d _slave_cctl
06000330 d _slave_go
06000334 d main_err
06000338 d main_irq
0600035a d main_v_irq
06000370 d mvi_mars_adapter
06000374 d main_h_irq
0600038c d mhi_mars_adapter
06000390 d main_cmd_irq
060003a8 d mci_mars_adapter
060003ac d main_pwm_irq
060003c4 d mpi_mars_adapter
060003c8 d main_vres_irq
060003e4 d mvri_mars_adapter
060003e8 d mvri_master_stk
060003ec d mvri_master_vres
060003f0 d slav_err
060003f4 d slav_irq
06000416 d slav_v_irq
0600042c d svi_mars_adapter
06000430 d slav_h_irq
06000448 d shi_mars_adapter
0600044c d slav_cmd_irq
06000464 d sci_mars_adapter
06000468 d slav_pwm_irq
06000480 d spi_mars_adapter
06000484 d slav_vres_irq
060004a0 d svri_mars_adapter
060004a4 d svri_slave_stk
060004a8 d svri_slave_vres
060004b0 D _fast_memcpy
060004c0 D _fast_wmemcpy
060004d0 D _word_8byte_copy
060004f0 D _word_8byte_copy_bytereverse
06000520 D _get_stack_pointer
06000530 D _CacheClearLine
0600053c d _cache_flush
06000540 D _CacheControl
06000548 d _sh2_cctl
06000550 D _ScreenStretch
0600057c d ss_interp
060005ae d ss_mask
060005b0 d ss_pitch
060005b4 B __bss_start
060005b4 b _currentFB.lto_priv.0
060005b4 D _edata
060005b6 b _joypadState
060005ba b _currentFB
060005bc b _lastTick
060005c0 b _joypadStateText
060005e0 B __end
060005e0 B _end
060005e0 B end
