00000008 A __bss_size
0000022a A __data_size
00000a24 A __text_size
008803f0 T __text_start
008803f0 t _mars_startup_blob
00880800 t _irq_jmptab
00880814 t _except
0088082a t _start
0088084c t init_joypads
0088086a t init_vdp
0088087e t init_vdp_reg
0088092c t InitVDPRegs
00880940 T font_data
00880e00 t color_cycle
00880e14 T __text_end
00ff0000 D __data_start
00ff0000 D read_joypad
00ff0032 d common
00ff0050 d get_input
00ff0064 d _vblank
00ff0076 d _hblank
00ff0078 d do_commands
00ff015a D main
00ff022a B __bss_start
00ff022a D __data_end
00ff022c b timer
00ff0230 b vramOffset
00ff0232 B __bss_end
